2024-Aug-13 12:38:24 Наличие необходимых модулей php (check_php_modules): Ok
Все необходимые модули установлены
2024-Aug-13 12:38:24 Обязательные параметры PHP (check_php_settings): Ok
Настройки правильные
2024-Aug-13 12:38:24 Модули веб-сервера (check_security): Ok
Конфликтов не выявлено
2024-Aug-13 12:38:24 Значения переменных сервера (check_server_vars): Ok
Корректные
2024-Aug-13 12:38:25 Сохранение сессии (check_session): Ok
50% done
2024-Aug-13 12:38:25 Сохранение сессии (check_session): Ok
Успешно
2024-Aug-13 12:38:25 Параметры настройки UTF (mbstring и константа BX_UTF) (check_mbstring): Ok
Правильные. Сайт работает в UTF кодировке
2024-Aug-13 12:38:25 Служебные скрипты в корне сайта (check_install_scripts): Ok
Отсутствуют
2024-Aug-13 12:38:25 Работа с сокетами (check_socket): Ok
Connection to ssl://open-dive.ru:443	Success

Успешно
2024-Aug-13 12:38:25 Выполнение агентов на cron (check_bx_crontab): Ok
Успешно
2024-Aug-13 12:38:25 Параметры подключения к базе данных (check_dbconn_settings): Ok
Успешно
2024-Aug-13 12:38:25 Лишний вывод в файлах конфигурации (check_dbconn): Ok
Connection to ssl://open-dive.ru:443	Success

Успешно
2024-Aug-13 12:38:25 Сохранение сессии без UserAgent (check_session_ua): Ok
50% done
Connection to ssl://open-dive.ru:443	Success

2024-Aug-13 12:38:25 Сохранение сессии без UserAgent (check_session_ua): Ok
Connection to ssl://open-dive.ru:443	Success

Успешно
2024-Aug-13 12:38:25 Настройки сайтов (check_sites): Ok
Правильные
2024-Aug-13 12:38:25 Размер стека и pcre.recursion_limit (check_pcre_recursion): Ok
Connection to ssl://open-dive.ru:443	Success

Успешно
2024-Aug-13 12:38:25 Загрузка файла (check_upload): Ok
Connection to ssl://open-dive.ru:443	Success

Успешно
2024-Aug-13 12:38:26 Загрузка файла больше 4Мб (check_upload_big): Ok
Connection to ssl://open-dive.ru:443	Success

Успешно
2024-Aug-13 12:38:26 Загрузка файла через php://input (check_upload_raw): Ok
Connection to ssl://open-dive.ru:443	Success

Успешно
2024-Aug-13 12:38:26 Передача POST запроса с большим числом параметров (check_post): Ok
Connection to ssl://open-dive.ru:443	Success

Успешно
2024-Aug-13 12:38:26 Отправка почты (check_mail): Ok
Успешно
2024-Aug-13 12:38:26 Отправка почтового сообщения больше 64Кб (check_mail_big): Ok
Успешно
2024-Aug-13 12:38:26 Проверка на наличие неотправленных сообщений (check_mail_b_event): Fail
Ошибка! Есть ошибки при отправке системных почтовых сообщений, число неотправленных сообщений: 1 Определена константа BX_CRONTAB_SUPPORT в /bitrix/php_interface/dbconn.php, при этом должен быть настроен вызов агентов на cron. Закеширована информация об отправке почты, возможно это произошло в результате сбоя, попробуйте очистить весь кеш.
2024-Aug-13 12:38:26 Внутреннее перенаправление (функция LocalRedirect) (check_localredirect): Ok
50% done
Connection to ssl://open-dive.ru:443	Success

2024-Aug-13 12:38:26 Внутреннее перенаправление (функция LocalRedirect) (check_localredirect): Ok
Connection to ssl://open-dive.ru:443	Success

Успешно
2024-Aug-13 12:38:26 Фактическое ограничение памяти (check_memory_limit): Ok
20% done
Connection to ssl://open-dive.ru:443	Success

2024-Aug-13 12:38:26 Фактическое ограничение памяти (check_memory_limit): Ok
40% done
Connection to ssl://open-dive.ru:443	Success

2024-Aug-13 12:38:26 Фактическое ограничение памяти (check_memory_limit): Ok
60% done
Connection to ssl://open-dive.ru:443	Success

2024-Aug-13 12:38:27 Фактическое ограничение памяти (check_memory_limit): Ok
80% done
Connection to ssl://open-dive.ru:443	Success

2024-Aug-13 12:38:27 Фактическое ограничение памяти (check_memory_limit): Ok
Connection to ssl://open-dive.ru:443	Success

Не менее 256 М
2024-Aug-13 12:38:27 Работа с файлами кеша (check_cache): Ok
Успешно
2024-Aug-13 12:38:27 Доступ к серверу обновлений (check_update): Ok
Успешно
2024-Aug-13 12:38:27 HTTP авторизация (check_http_auth): Ok
Connection to ssl://open-dive.ru:443	Success

Успешно
2024-Aug-13 12:38:27 Создание и запуск файла (check_exec): Ok
Connection to ssl://open-dive.ru:443	Success

Успешно
2024-Aug-13 12:38:28 Функция getimagesize для swf (check_getimagesize): Ok
Успешно
2024-Aug-13 12:38:28 Версия MySQL-сервера (check_mysql_bug_version): Ok
Успешно
2024-Aug-13 12:38:29 Время на БД и веб-сервере (check_mysql_time): Ok
Успешно
2024-Aug-13 12:38:29 Режим работы MySQL (check_mysql_mode): Ok
Успешно
2024-Aug-13 12:38:29 Кодировка соединения (check_mysql_connection_charset): Ok
character_set_connection=utf8, collation_connection=utf8_unicode_ci, character_set_results=utf8
Успешно
2024-Aug-13 12:38:29 Кодировка базы данных (check_mysql_db_charset): Ok
CHARSET=utf8, COLLATION=utf8_unicode_ci
Успешно
2024-Aug-13 12:38:29 Формат хранения таблиц в БД (check_mysql_table_format): Ok
Успешно
2024-Aug-13 12:38:30 Кодировки таблиц в БД (check_mysql_table_charset): Ok
Успешно
2024-Aug-13 12:38:30 Структура базы данных (check_mysql_table_structure): Ok
0% done
2024-Aug-13 12:38:30 Структура базы данных (check_mysql_table_structure): Ok
1% done
2024-Aug-13 12:38:30 Структура базы данных (check_mysql_table_structure): Ok
2% done
2024-Aug-13 12:38:31 Структура базы данных (check_mysql_table_structure): Ok
3% done
2024-Aug-13 12:38:31 Структура базы данных (check_mysql_table_structure): Ok
4% done
2024-Aug-13 12:38:31 Структура базы данных (check_mysql_table_structure): Ok
6% done
2024-Aug-13 12:38:31 Структура базы данных (check_mysql_table_structure): Ok
7% done
2024-Aug-13 12:38:32 Структура базы данных (check_mysql_table_structure): Ok
8% done
2024-Aug-13 12:38:32 Структура базы данных (check_mysql_table_structure): Ok
9% done
2024-Aug-13 12:38:32 Структура базы данных (check_mysql_table_structure): Ok
10% done
2024-Aug-13 12:38:32 Структура базы данных (check_mysql_table_structure): Ok
12% done
2024-Aug-13 12:38:32 Структура базы данных (check_mysql_table_structure): Ok
13% done
2024-Aug-13 12:38:32 Структура базы данных (check_mysql_table_structure): Ok
14% done
2024-Aug-13 12:38:32 Структура базы данных (check_mysql_table_structure): Ok
15% done
2024-Aug-13 12:38:32 Структура базы данных (check_mysql_table_structure): Ok
16% done
2024-Aug-13 12:38:33 Структура базы данных (check_mysql_table_structure): Ok
18% done
2024-Aug-13 12:38:33 Структура базы данных (check_mysql_table_structure): Ok
19% done
2024-Aug-13 12:38:33 Структура базы данных (check_mysql_table_structure): Ok
20% done
2024-Aug-13 12:38:33 Структура базы данных (check_mysql_table_structure): Ok
21% done
2024-Aug-13 12:38:34 Структура базы данных (check_mysql_table_structure): Ok
22% done
2024-Aug-13 12:38:35 Структура базы данных (check_mysql_table_structure): Ok
24% done
2024-Aug-13 12:38:35 Структура базы данных (check_mysql_table_structure): Ok
25% done
2024-Aug-13 12:38:35 Структура базы данных (check_mysql_table_structure): Ok
26% done
2024-Aug-13 12:38:35 Структура базы данных (check_mysql_table_structure): Ok
27% done
2024-Aug-13 12:38:35 Структура базы данных (check_mysql_table_structure): Ok
28% done
2024-Aug-13 12:38:36 Структура базы данных (check_mysql_table_structure): Ok
30% done
2024-Aug-13 12:38:36 Структура базы данных (check_mysql_table_structure): Ok
31% done
2024-Aug-13 12:38:36 Структура базы данных (check_mysql_table_structure): Ok
32% done
2024-Aug-13 12:38:36 Структура базы данных (check_mysql_table_structure): Ok
33% done
2024-Aug-13 12:38:36 Структура базы данных (check_mysql_table_structure): Ok
34% done
2024-Aug-13 12:38:37 Структура базы данных (check_mysql_table_structure): Ok
36% done
2024-Aug-13 12:38:37 Структура базы данных (check_mysql_table_structure): Ok
37% done
2024-Aug-13 12:38:37 Структура базы данных (check_mysql_table_structure): Ok
38% done
2024-Aug-13 12:38:46 Структура базы данных (check_mysql_table_structure): Ok
39% done
2024-Aug-13 12:38:48 Структура базы данных (check_mysql_table_structure): Ok
40% done
2024-Aug-13 12:38:50 Структура базы данных (check_mysql_table_structure): Ok
42% done
2024-Aug-13 12:38:50 Структура базы данных (check_mysql_table_structure): Ok
43% done
2024-Aug-13 12:38:51 Структура базы данных (check_mysql_table_structure): Ok
44% done
2024-Aug-13 12:38:51 Структура базы данных (check_mysql_table_structure): Ok
45% done
2024-Aug-13 12:38:51 Структура базы данных (check_mysql_table_structure): Ok
46% done
2024-Aug-13 12:38:51 Структура базы данных (check_mysql_table_structure): Ok
48% done
2024-Aug-13 12:38:51 Структура базы данных (check_mysql_table_structure): Ok
49% done
2024-Aug-13 12:38:53 Структура базы данных (check_mysql_table_structure): Ok
50% done
2024-Aug-13 12:38:53 Структура базы данных (check_mysql_table_structure): Ok
51% done
2024-Aug-13 12:38:54 Структура базы данных (check_mysql_table_structure): Ok
53% done
2024-Aug-13 12:38:54 Структура базы данных (check_mysql_table_structure): Ok
54% done
2024-Aug-13 12:38:54 Структура базы данных (check_mysql_table_structure): Ok
55% done
2024-Aug-13 12:38:55 Структура базы данных (check_mysql_table_structure): Ok
56% done
2024-Aug-13 12:38:55 Структура базы данных (check_mysql_table_structure): Ok
57% done
2024-Aug-13 12:38:55 Структура базы данных (check_mysql_table_structure): Ok
59% done
2024-Aug-13 12:38:55 Структура базы данных (check_mysql_table_structure): Ok
60% done
2024-Aug-13 12:38:56 Структура базы данных (check_mysql_table_structure): Ok
61% done
2024-Aug-13 12:38:57 Структура базы данных (check_mysql_table_structure): Ok
62% done
2024-Aug-13 12:38:58 Структура базы данных (check_mysql_table_structure): Ok
63% done
2024-Aug-13 12:38:58 Структура базы данных (check_mysql_table_structure): Ok
65% done
2024-Aug-13 12:38:58 Структура базы данных (check_mysql_table_structure): Ok
66% done
2024-Aug-13 12:38:59 Структура базы данных (check_mysql_table_structure): Ok
67% done
2024-Aug-13 12:39:00 Структура базы данных (check_mysql_table_structure): Ok
68% done
2024-Aug-13 12:39:02 Структура базы данных (check_mysql_table_structure): Ok
69% done
2024-Aug-13 12:39:02 Структура базы данных (check_mysql_table_structure): Ok
71% done
2024-Aug-13 12:39:02 Структура базы данных (check_mysql_table_structure): Ok
72% done
2024-Aug-13 12:39:02 Структура базы данных (check_mysql_table_structure): Ok
73% done
2024-Aug-13 12:39:03 Структура базы данных (check_mysql_table_structure): Ok
74% done
2024-Aug-13 12:39:03 Структура базы данных (check_mysql_table_structure): Ok
75% done
2024-Aug-13 12:39:03 Структура базы данных (check_mysql_table_structure): Ok
77% done
2024-Aug-13 12:39:03 Структура базы данных (check_mysql_table_structure): Ok
78% done
2024-Aug-13 12:39:04 Структура базы данных (check_mysql_table_structure): Ok
79% done
2024-Aug-13 12:39:04 Структура базы данных (check_mysql_table_structure): Ok
80% done
2024-Aug-13 12:39:05 Структура базы данных (check_mysql_table_structure): Ok
81% done
2024-Aug-13 12:39:08 Структура базы данных (check_mysql_table_structure): Ok
83% done
2024-Aug-13 12:39:08 Структура базы данных (check_mysql_table_structure): Ok
84% done
2024-Aug-13 12:39:09 Структура базы данных (check_mysql_table_structure): Ok
85% done
2024-Aug-13 12:39:09 Структура базы данных (check_mysql_table_structure): Ok
86% done
2024-Aug-13 12:39:09 Структура базы данных (check_mysql_table_structure): Ok
87% done
2024-Aug-13 12:39:09 Структура базы данных (check_mysql_table_structure): Ok
89% done
2024-Aug-13 12:39:10 Структура базы данных (check_mysql_table_structure): Ok
90% done
2024-Aug-13 12:39:11 Структура базы данных (check_mysql_table_structure): Ok
91% done
2024-Aug-13 12:39:11 Структура базы данных (check_mysql_table_structure): Ok
92% done
2024-Aug-13 12:39:12 Структура базы данных (check_mysql_table_structure): Ok
93% done
2024-Aug-13 12:39:12 Структура базы данных (check_mysql_table_structure): Ok
95% done
2024-Aug-13 12:39:12 Структура базы данных (check_mysql_table_structure): Ok
96% done
2024-Aug-13 12:39:12 Структура базы данных (check_mysql_table_structure): Ok
97% done
2024-Aug-13 12:39:12 Структура базы данных (check_mysql_table_structure): Ok
98% done
2024-Aug-13 12:39:12 Структура базы данных (check_mysql_table_structure): Ok
Успешно
